0    [main] INFO  eclipse.emf.mwe.core.WorkflowEngine  - --------------------------------------------------------------------------------------
10   [main] INFO  eclipse.emf.mwe.core.WorkflowEngine  - EMF Modeling Workflow Engine 1.2.1, Build v201306110341
10   [main] INFO  eclipse.emf.mwe.core.WorkflowEngine  - (c) 2005-2009 openarchitectureware.org and contributors
10   [main] INFO  eclipse.emf.mwe.core.WorkflowEngine  - --------------------------------------------------------------------------------------
10   [main] INFO  eclipse.emf.mwe.core.WorkflowEngine  - running workflow: C:/Documents and Settings/ooh4riaUser/My Documents/Downloads/DSS-user-iterface/projects/DSS/templates/workflow/generator.mwe
10   [main] INFO  eclipse.emf.mwe.core.WorkflowEngine  - 
1111 [main] INFO  lipse.emf.mwe.utils.StandaloneSetup  - Registering platform uri 'C:\Documents and Settings\ooh4riaUser\My Documents\Downloads\DSS-user-iterface\projects'
1261 [main] INFO  lipse.emf.mwe.utils.StandaloneSetup  - Adding generated EPackage 'es.ua.dlsi.ooh.conceptualView.ConceptualViewPackage'
1422 [main] INFO  lipse.emf.mwe.utils.StandaloneSetup  - Adding generated EPackage 'org.eclipse.gmf.runtime.notation.NotationPackage'
1712 [main] INFO  e.core.container.CompositeComponent  - Workflow: executing workflow workflow::nhibernate::generator.mwe in C:/Documents and Settings/ooh4riaUser/My Documents/Downloads/DSS-user-iterface/projects/DSS/templates/workflow/generator.mwe:10
1712 [main] INFO  e.core.container.CompositeComponent  - XmiReader: file 'models/temp.domainModel' => slot 'es_ua_dlsi_ooh_conceptual_model'
2553 [main] INFO  e.core.container.CompositeComponent  - CheckComponent: slot es_ua_dlsi_ooh_conceptual_model check file(s): metamodel::Checks 
4065 [main] INFO  e.core.container.CompositeComponent  - Generator(nhibernate.generator): generating 'workflow::nhibernate::workflow::main FOR true' => [../DSSGen, CONFIGURATION:../DSSGen(overwrite=false,append=false,fileEncoding=utf-8)]
configuroConf:C:\DOCUME~1\OOH4RI~1\LOCALS~1\Temp\OOH4RIA2692696757839587172.cfg
enc:utf-8
4796 [main] INFO  and2.pr.ProtectedRegionResolverImpl  - Source scan started ...
5277 [main] INFO  and2.pr.ProtectedRegionResolverImpl  - Source scan finished in 0.481s
5277 [main] INFO  and2.pr.ProtectedRegionResolverImpl  - Files scanned: 320
5277 [main] INFO  and2.pr.ProtectedRegionResolverImpl  - Regions found: 5
enc:utf-8
enc:utf-8
enc:utf-8
enc:utf-8
enc:utf-8
enc:utf-8
enc:utf-8
enc:utf-8
enc:utf-8
enc:utf-8
enc:utf-8
enc:utf-8
enc:utf-8
enc:utf-8
enc:utf-8
enc:utf-8
enc:utf-8
enc:utf-8
enc:utf-8
enc:utf-8
enc:utf-8
enc:utf-8
enc:utf-8
enc:utf-8
enc:utf-8
enc:utf-8
enc:utf-8
enc:utf-8
enc:utf-8
enc:utf-8
enc:utf-8
enc:utf-8
enc:utf-8
enc:utf-8
enc:utf-8
enc:utf-8
enc:utf-8
enc:utf-8
enc:utf-8
enc:utf-8
enc:utf-8
enc:utf-8
enc:utf-8
enc:utf-8
enc:utf-8
enc:utf-8
enc:utf-8
enc:utf-8
enc:utf-8
enc:utf-8
enc:utf-8
enc:utf-8
enc:utf-8
enc:utf-8
enc:utf-8
enc:utf-8
enc:utf-8
enc:utf-8
enc:utf-8
enc:utf-8
enc:utf-8
enc:utf-8
enc:utf-8
enc:utf-8
enc:utf-8
enc:utf-8
enc:utf-8
enc:utf-8
enc:utf-8
enc:utf-8
enc:utf-8
enc:utf-8
enc:utf-8
enc:utf-8
enc:utf-8
enc:utf-8
enc:utf-8
enc:utf-8
enc:utf-8
enc:utf-8
enc:utf-8
enc:utf-8
enc:utf-8
enc:utf-8
enc:utf-8
enc:utf-8
enc:utf-8
enc:utf-8
enc:utf-8
enc:utf-8
enc:utf-8
enc:utf-8
enc:utf-8
enc:utf-8
enc:utf-8
enc:utf-8
enc:utf-8
enc:utf-8
enc:utf-8
enc:utf-8
enc:utf-8
enc:utf-8
enc:utf-8
enc:utf-8
enc:utf-8
enc:utf-8
enc:utf-8
enc:utf-8
enc:utf-8
enc:utf-8
enc:utf-8
enc:utf-8
enc:utf-8
enc:utf-8
enc:utf-8
enc:utf-8
enc:utf-8
enc:utf-8
enc:utf-8
enc:utf-8
enc:utf-8
enc:utf-8
enc:utf-8
enc:utf-8
enc:utf-8
enc:utf-8
enc:utf-8
enc:utf-8
enc:utf-8
16483 [main] INFO         org.eclipse.xpand2.Generator  - Written 42 files to outlet [default](../DSSGen)
16483 [main] INFO         org.eclipse.xpand2.Generator  - Skipped writing of 127 files to outlet [default](../DSSGen)
16483 [main] INFO  e.core.container.CompositeComponent  - es.ua.dlsi.ooh.persistence.nhibernate.generator.workflowComponents.CreateSolution
16503 [main] INFO  e.core.container.CompositeComponent  - es.ua.dlsi.ooh.persistence.nhibernate.generator.workflowComponents.UpdateSolution
16533 [main] INFO  e.core.container.CompositeComponent  - es.ua.dlsi.ooh.persistence.nhibernate.generator.workflowComponents.CopyDLLs
../DSSGen\DSSGenNHibernate\AppLib\Antlr3.Runtime.dll
../DSSGen\DSSGenNHibernate\AppLib\Castle.DynamicProxy2.dll
../DSSGen\DSSGenNHibernate\AppLib\Iesi.Collections.dll
../DSSGen\DSSGenNHibernate\AppLib\LinFu.DynamicProxy.dll
../DSSGen\DSSGenNHibernate\AppLib\log4net.dll
../DSSGen\DSSGenNHibernate\AppLib\NHibernate.ByteCode.Castle.dll
../DSSGen\DSSGenNHibernate\AppLib\NHibernate.ByteCode.LinFu.dll
../DSSGen\DSSGenNHibernate\AppLib\NHibernate.dll
../DSSGen\DSSGenNHibernate\AppLib\nunit.core.dll
../DSSGen\DSSGenNHibernate\AppLib\nunit.framework.dll
16543 [main] INFO  eclipse.emf.mwe.core.WorkflowEngine  - workflow completed in 14841ms!
